<?xml version="1.0" encoding="UTF-8"?>
<!-- Generated by org.testng.reporters.JUnitReportReporter -->
<testsuite hostname="DESKTOP-KU0MUL7" failures="0" tests="4" name="SimpleBooks" time="11.005" errors="0" timestamp="2023-04-28T13:50:54 IST" skipped="0">
  <testcase classname="SimpleBooks" name="Authorization" time="6.140"/>
  <system-out/>
  <testcase classname="SimpleBooks" name="Order" time="1.663"/>
  <system-out/>
  <testcase classname="SimpleBooks" name="getOrder" time="1.532"/>
  <system-out/>
  <testcase classname="SimpleBooks" name="deleteOrder" time="1.670"/>
  <system-out/>
</testsuite> <!-- SimpleBooks -->
