<?xml version="1.0" encoding="UTF-8"?>
<!-- Generated by org.testng.reporters.JUnitReportReporter -->
<testsuite hostname="DESKTOP-KU0MUL7" failures="0" tests="5" name="TrelloAPI" time="7.471" errors="0" timestamp="2023-04-28T09:51:45 IST" skipped="0">
  <testcase classname="TrelloAPI" name="CreateBoard" time="3.433"/>
  <system-out/>
  <testcase classname="TrelloAPI" name="GetBoard" time="1.391"/>
  <system-out/>
  <testcase classname="TrelloAPI" name="UpdateBoardName" time="0.651"/>
  <system-out/>
  <testcase classname="TrelloAPI" name="UpdateBoardDesc" time="0.679"/>
  <system-out/>
  <testcase classname="TrelloAPI" name="DeleteBoard" time="1.317"/>
  <system-out/>
</testsuite> <!-- TrelloAPI -->
