<?xml version="1.0" encoding="UTF-8"?>
<!-- Generated by org.testng.reporters.JUnitReportReporter -->
<testsuite hostname="DESKTOP-KU0MUL7" failures="0" tests="4" name="com.simpleBooks.SimpleBooks" time="10.714" errors="0" timestamp="2023-04-28T18:01:48 IST" skipped="0">
  <testcase classname="com.simpleBooks.SimpleBooks" name="Authorization" time="5.903"/>
  <system-out/>
  <testcase classname="com.simpleBooks.SimpleBooks" name="Order" time="1.639"/>
  <system-out/>
  <testcase classname="com.simpleBooks.SimpleBooks" name="getOrder" time="1.663"/>
  <system-out/>
  <testcase classname="com.simpleBooks.SimpleBooks" name="deleteOrder" time="1.509"/>
  <system-out/>
</testsuite> <!-- com.simpleBooks.SimpleBooks -->
