<?xml version="1.0" encoding="UTF-8"?>
<!-- Generated by org.testng.reporters.JUnitReportReporter -->
<testsuite hostname="DESKTOP-KU0MUL7" failures="0" tests="5" name="TrelloAPI" time="10.285" errors="0" timestamp="2023-04-28T10:51:27 IST" skipped="0">
  <testcase classname="TrelloAPI" name="CreateBoard" time="5.989"/>
  <system-out/>
  <testcase classname="TrelloAPI" name="GetBoard" time="0.690"/>
  <system-out/>
  <testcase classname="TrelloAPI" name="UpdateBoardName" time="0.663"/>
  <system-out/>
  <testcase classname="TrelloAPI" name="UpdateBoardDesc" time="0.684"/>
  <system-out/>
  <testcase classname="TrelloAPI" name="DeleteBoard" time="2.259"/>
  <system-out/>
</testsuite> <!-- TrelloAPI -->
